Построение начато 09.06.2015 22:33:16.
     1>Проект "C:\Users\Саша\Desktop\диплом\ParTrAndMap\ParTrAndMap\task1\task1.vcxproj" в узле 2 (целевые объекты Build).
     1>ClCompile:
         C:\Program Files (x86)\Microsoft Visual Studio 12.0\VC\bin\CL.exe /c /IC:\Users\Public\Documents\opencv\build\include\opencv /IC:\Users\Public\Documents\opencv\build\include /ZI /nologo /W3 /WX- /Od /Oy- /D WIN32 /D _DEBUG /D _CONSOLE /D _UNICODE /D UNICODE /Gm /EHsc /RTC1 /MDd /GS /fp:precise /Zc:wchar_t /Zc:forScope /Yu"stdafx.h" /Fp"Debug\ParTrAndMap.pch" /Fo"Debug\\" /Fd"Debug\vc110.pdb" /Gd /TP /analyze- /errorReport:prompt main.cpp processor.cpp test.cpp
         test.cpp
     1>c:\users\саша\desktop\диплом\partrandmap\partrandmap\task1\test.cpp(32): warning C4018: <: несоответствие типов со знаком и без знака
     1>c:\users\саша\desktop\диплом\partrandmap\partrandmap\task1\test.cpp(43): warning C4018: <: несоответствие типов со знаком и без знака
     1>c:\users\саша\desktop\диплом\partrandmap\partrandmap\task1\test.cpp(45): warning C4018: <: несоответствие типов со знаком и без знака
     1>c:\users\саша\desktop\диплом\partrandmap\partrandmap\task1\test.cpp(72): warning C4018: <: несоответствие типов со знаком и без знака
     1>c:\users\саша\desktop\диплом\partrandmap\partrandmap\task1\test.cpp(74): warning C4018: <: несоответствие типов со знаком и без знака
     1>c:\users\саша\desktop\диплом\partrandmap\partrandmap\task1\test.cpp(91): warning C4018: <: несоответствие типов со знаком и без знака
     1>c:\users\саша\desktop\диплом\partrandmap\partrandmap\task1\test.cpp(96): warning C4018: <: несоответствие типов со знаком и без знака
     1>c:\users\саша\desktop\диплом\partrandmap\partrandmap\task1\test.cpp(177): warning C4018: <: несоответствие типов со знаком и без знака
         processor.cpp
     1>c:\users\саша\desktop\диплом\partrandmap\partrandmap\task1\processor.cpp(135): warning C4018: <: несоответствие типов со знаком и без знака
     1>c:\users\саша\desktop\диплом\partrandmap\partrandmap\task1\processor.cpp(141): warning C4018: <: несоответствие типов со знаком и без знака
         Создание кода...
         Пропуск... (изменения не обнаружены)
         main.cpp
       Link:
         C:\Program Files (x86)\Microsoft Visual Studio 12.0\VC\bin\link.exe /ERRORREPORT:PROMPT /OUT:"C:\Users\Саша\Desktop\диплом\ParTrAndMap\ParTrAndMap\Debug\ParTrAndMap.exe" /INCREMENTAL /NOLOGO kernel32.lib user32.lib gdi32.lib winspool.lib comdlg32.lib advapi32.lib shell32.lib ole32.lib oleaut32.lib uuid.lib odbc32.lib odbccp32.lib opencv_calib3d249d.lib opencv_contrib249d.lib opencv_core249d.lib opencv_features2d249d.lib opencv_flann249d.lib opencv_gpu249d.lib opencv_highgui249d.lib opencv_imgproc249d.lib opencv_legacy249d.lib opencv_ml249d.lib opencv_nonfree249d.lib opencv_objdetect249d.lib opencv_ocl249d.lib opencv_photo249d.lib opencv_stitching249d.lib opencv_superres249d.lib opencv_ts249d.lib opencv_video249d.lib opencv_videostab249d.lib kernel32.lib user32.lib gdi32.lib winspool.lib comdlg32.lib advapi32.lib shell32.lib ole32.lib oleaut32.lib uuid.lib odbc32.lib odbccp32.lib /MANIFEST /MANIFESTUAC:"level='asInvoker' uiAccess='false'" /manifest:embed /DEBUG /PDB:"C:\Users\Саша\Desktop\диплом\ParTrAndMap\ParTrAndMap\Debug\ParTrAndMap.pdb" /SUBSYSTEM:CONSOLE /TLBID:1 /DYNAMICBASE /NXCOMPAT /IMPLIB:"C:\Users\Саша\Desktop\диплом\ParTrAndMap\ParTrAndMap\Debug\ParTrAndMap.lib" /MACHINE:X86 Debug\frame.obj
         Debug\geometry.obj
         Debug\model.obj
         Debug\point.obj
         Debug\processor.obj
         Debug\realData.obj
         Debug\sba.obj
         Debug\stdafx.obj
         Debug\main.obj
         Debug\test.obj
         Debug\track.obj
         task1.vcxproj -> C:\Users\Саша\Desktop\диплом\ParTrAndMap\ParTrAndMap\Debug\ParTrAndMap.exe
     1>Построение проекта "C:\Users\Саша\Desktop\диплом\ParTrAndMap\ParTrAndMap\task1\task1.vcxproj" завершено (целевые объекты Build).

Построение успешно завершено.

Затраченное время: 00:00:07.93
